2026-07-04 10:46:46,841 INFO  HomePage - Getting Page Title
2026-07-04 10:47:00,312 INFO  HomePage - Clicking on Element 
2026-07-04 10:47:00,315 INFO  HomePage - Clicked Search Button
2026-07-04 11:29:55,093 WARN  Configuration - Detected a static method [com.practicejava.tests.BaseTest.setUpDriver()]. Static configuration methods can cause unexpected behavior.
2026-07-04 11:31:57,245 WARN  Configuration - Detected a static method [com.practicejava.tests.BaseTest.setUpDriver()]. Static configuration methods can cause unexpected behavior.
2026-07-04 11:33:47,934 WARN  Configuration - Detected a static method [com.practicejava.tests.BaseTest.setUpDriver()]. Static configuration methods can cause unexpected behavior.
2026-07-04 11:34:07,297 INFO  HomePage - Getting Page Title
2026-07-04 11:36:19,334 WARN  Configuration - Detected a static method [com.practicejava.tests.BaseTest.setUpDriver()]. Static configuration methods can cause unexpected behavior.
2026-07-04 11:36:43,753 INFO  HomePage - Getting Page Title
2026-07-04 11:40:02,886 WARN  Configuration - Detected a static method [com.practicejava.tests.BaseTest.setUpDriver()]. Static configuration methods can cause unexpected behavior.
2026-07-04 11:40:16,883 INFO  HomePage - Getting Page Title
2026-07-04 11:42:36,959 WARN  Configuration - Detected a static method [com.practicejava.tests.BaseTest.setUpDriver()]. Static configuration methods can cause unexpected behavior.
2026-07-04 11:42:59,263 INFO  HomePage - Getting Page Title
2026-07-04 11:47:07,591 WARN  Configuration - Detected a static method [com.practicejava.tests.BaseTest.setUpDriver()]. Static configuration methods can cause unexpected behavior.
2026-07-04 11:47:13,948 INFO  HomePage - Getting Page Title
2026-07-04 11:55:54,381 WARN  Configuration - Detected a static method [com.practicejava.tests.BaseTest.setUpDriver()]. Static configuration methods can cause unexpected behavior.
2026-07-04 11:56:01,853 INFO  HomePage - Getting Page Title
2026-07-04 11:56:08,667 INFO  HomePage - Clicking on Element 
2026-07-04 11:56:08,668 INFO  HomePage - Clicked Search Button
2026-07-04 12:10:50,971 WARN  Configuration - Detected a static method [com.practicejava.tests.BaseTest.setUpDriver()]. Static configuration methods can cause unexpected behavior.
2026-07-04 12:11:04,468 INFO  HomePage - Getting Page Title
2026-07-04 13:01:49,398 WARN  Configuration - Detected a static method [com.practicejava.tests.BaseTest.setUpDriver()]. Static configuration methods can cause unexpected behavior.
2026-07-04 13:02:05,866 INFO  HomePage - Getting Page Title
2026-07-04 13:04:14,219 WARN  Configuration - Detected a static method [com.practicejava.tests.BaseTest.setUpDriver()]. Static configuration methods can cause unexpected behavior.
2026-07-04 13:04:23,805 INFO  HomePage - Getting Page Title
2026-07-04 13:06:01,705 WARN  Configuration - Detected a static method [com.practicejava.tests.BaseTest.setUpDriver()]. Static configuration methods can cause unexpected behavior.
2026-07-04 13:06:21,862 INFO  HomePage - Getting Page Title
2026-07-04 13:33:25,826 WARN  Configuration - Detected a static method [com.practicejava.tests.BaseTest.setUpDriver()]. Static configuration methods can cause unexpected behavior.
2026-07-04 13:33:35,219 INFO  HomePage - Getting Page Title
2026-07-04 13:33:41,986 INFO  HomePage - Getting text from: By.xpath: //button[text()='Account']
2026-07-04 13:50:48,508 WARN  Configuration - Detected a static method [com.practicejava.tests.BaseTest.setUpDriver()]. Static configuration methods can cause unexpected behavior.
2026-07-04 13:51:00,639 INFO  HomePage - Getting Page Title
2026-07-04 13:51:13,040 INFO  HomePage - Getting text from: By.xpath: //button[text()='Account']
2026-07-04 13:55:27,534 WARN  Configuration - Detected a static method [com.practicejava.tests.BaseTest.setUpDriver()]. Static configuration methods can cause unexpected behavior.
2026-07-04 13:55:40,069 INFO  HomePage - Getting Page Title
2026-07-04 13:55:50,423 INFO  HomePage - Getting text from: By.xpath: //button[text()='Account']
2026-07-04 14:03:08,732 WARN  Configuration - Detected a static method [com.practicejava.tests.BaseTest.setUpDriver()]. Static configuration methods can cause unexpected behavior.
2026-07-04 14:03:16,968 INFO  HomePage - Getting Page Title
2026-07-04 14:03:24,154 INFO  HomePage - Getting text from: By.xpath: //button[text()='Account']
2026-07-04 14:10:17,942 WARN  TestNG - Ignoring duplicate listener : io.qameta.allure.testng.AllureTestNg
2026-07-04 14:10:17,946 WARN  TestNG - Ignoring duplicate listener : io.qameta.allure.testng.AllureTestNg
2026-07-04 14:10:17,946 WARN  TestNG - Ignoring duplicate listener : io.qameta.allure.testng.AllureTestNg
2026-07-04 14:10:18,290 WARN  Configuration - Detected a static method [com.practicejava.tests.BaseTest.setUpDriver()]. Static configuration methods can cause unexpected behavior.
2026-07-04 14:10:26,676 INFO  HomePage - Getting Page Title
2026-07-04 14:10:33,863 INFO  HomePage - Getting text from: By.xpath: //button[text()='Account']
2026-07-04 14:15:02,135 WARN  TestNG - Ignoring duplicate listener : io.qameta.allure.testng.AllureTestNg
2026-07-04 14:15:02,144 WARN  TestNG - Ignoring duplicate listener : io.qameta.allure.testng.AllureTestNg
2026-07-04 14:15:02,144 WARN  TestNG - Ignoring duplicate listener : io.qameta.allure.testng.AllureTestNg
2026-07-04 14:15:02,626 WARN  Configuration - Detected a static method [com.practicejava.tests.BaseTest.setUpDriver()]. Static configuration methods can cause unexpected behavior.
2026-07-04 14:15:18,483 INFO  HomePage - Getting Page Title
2026-07-04 14:15:30,407 INFO  HomePage - Getting text from: By.xpath: //button[text()='Account']
